Using pre-set license
Built from '2020.3/staging' branch; Version is '2020.3.0f1 (c7b5465681fb) revision 13088070'; Using compiler version '192528614'; Build Type 'Release'
OS: 'Windows 10 Home Single Language; OS build 19044.1766; Version 2009; 64bit' Language: 'ru' Physical Memory: 8047 MB
BatchMode: 1, IsHumanControllingUs: 0, StartBugReporterOnCrash: 0, Is64bit: 1, IsPro: 0

 COMMAND LINE ARGUMENTS:
D:\Unity 2019.4.1f\2020.3.0f1\Editor\Unity.exe
-adb2
-batchMode
-noUpm
-name
AssetImportWorker5
-projectPath
D:/Unity Projects/Task
-logFile
Logs/AssetImportWorker5.log
-srvPort
63411
Successfully changed project path to: D:/Unity Projects/Task
D:/Unity Projects/Task
Using Asset Import Pipeline V2.
Refreshing native plugins compatible for Editor in 27.62 ms, found 0 plugins.
Preloading 0 native plugins for Editor in 0.00 ms.
Initialize engine version: 2020.3.0f1 (c7b5465681fb)
[Subsystems] Discovering subsystems at path D:/Unity 2019.4.1f/2020.3.0f1/Editor/Data/Resources/UnitySubsystems
[Subsystems] Discovering subsystems at path D:/Unity Projects/Task/Assets
GfxDevice: creating device client; threaded=0
Direct3D:
    Version:  Direct3D 11.0 [level 11.1]
    Renderer: NVIDIA GeForce GTX 1050 Ti (ID=0x1c8c)
    Vendor:   
    VRAM:     4021 MB
    Driver:   27.21.14.6611
Initialize mono
Mono path[0] = 'D:/Unity 2019.4.1f/2020.3.0f1/Editor/Data/Managed'
Mono path[1] = 'D:/Unity 2019.4.1f/2020.3.0f1/Editor/Data/MonoBleedingEdge/lib/mono/unityjit'
Mono config path = 'D:/Unity 2019.4.1f/2020.3.0f1/Editor/Data/MonoBleedingEdge/etc'
Using monoOptions --debugger-agent=transport=dt_socket,embedding=1,server=y,suspend=n,address=127.0.0.1:56844
Begin MonoManager ReloadAssembly
Registering precompiled unity dll's ...
Register platform support module: D:/Unity 2019.4.1f/2020.3.0f1/Editor/Data/PlaybackEngines/WindowsStandaloneSupport/UnityEditor.WindowsStandalone.Extensions.dll
Registered in 0.001123 seconds.
Native extension for WindowsStandalone target not found
Refreshing native plugins compatible for Editor in 26.97 ms, found 0 plugins.
Preloading 0 native plugins for Editor in 0.00 ms.
Invoked RoslynAnalysisRunner static constructor.
RoslynAnalysisRunner will not be running.
RoslynAnalysisRunner has terminated.
Mono: successfully reloaded assembly
- Completed reload, in 18.186 seconds
Platform modules already initialized, skipping
Registering precompiled user dll's ...
Registered in 0.001072 seconds.
Begin MonoManager ReloadAssembly
Native extension for WindowsStandalone target not found
Refreshing native plugins compatible for Editor in 0.29 ms, found 0 plugins.
Preloading 0 native plugins for Editor in 0.00 ms.
Invoked RoslynAnalysisRunner static constructor.
RoslynAnalysisRunner will not be running.
RoslynAnalysisRunner has terminated.
Mono: successfully reloaded assembly
- Completed reload, in  1.235 seconds
Platform modules already initialized, skipping
========================================================================
Worker process is ready to serve import requests
Launched and connected shader compiler UnityShaderCompiler.exe after 0.46 seconds
Refreshing native plugins compatible for Editor in 0.22 ms, found 0 plugins.
Preloading 0 native plugins for Editor in 0.00 ms.
Unloading 1136 Unused Serialized files (Serialized files now loaded: 0)
System memory in use before: 57.8 MB.
System memory in use after: 57.8 MB.

Unloading 12 unused Assets to reduce memory usage. Loaded Objects now: 1582.
Total: 1.969000 ms (FindLiveObjects: 0.129900 ms CreateObjectMapping: 0.035800 ms MarkObjects: 1.719400 ms  DeleteObjects: 0.082900 ms)

========================================================================
Received Import Request.
  path: Assets/Character/Remy@Breathing Idle.fbx
  artifactKey: Guid(addc5e158c0887847bfd614f09f2847b) Importer(815301076,1909f56bfc062723c751e8b465ee728b)
Start importing Assets/Character/Remy@Breathing Idle.fbx using Guid(addc5e158c0887847bfd614f09f2847b) Importer(815301076,1909f56bfc062723c751e8b465ee728b)  -> (artifact id: 'e442d8b77ab8e4d56bc128fc74dfb72b') in 2.096078 seconds
  Import took 2.152467 seconds .

========================================================================
Received Import Request.
  Time since last request: 0.000319 seconds.
  path: Assets/Character/Remy@Running.fbx
  artifactKey: Guid(c4e9f9b60f78e0a47b5d4a0b7c2d07bf) Importer(815301076,1909f56bfc062723c751e8b465ee728b)
Start importing Assets/Character/Remy@Running.fbx using Guid(c4e9f9b60f78e0a47b5d4a0b7c2d07bf) Importer(815301076,1909f56bfc062723c751e8b465ee728b)  -> (artifact id: '3c9634fa64a0ca5f265e4fdcc1dcb189') in 0.004766 seconds
  Import took 0.094445 seconds .

========================================================================
Received Import Request.
  Time since last request: 0.000394 seconds.
  path: Assets/Character
  artifactKey: Guid(72580d0b409941146a36adeafe5569b5) Importer(815301076,1909f56bfc062723c751e8b465ee728b)
Start importing Assets/Character using Guid(72580d0b409941146a36adeafe5569b5) Importer(815301076,1909f56bfc062723c751e8b465ee728b)  -> (artifact id: 'abe2a09e12b4cbc9ffb80d853c3089ac') in 0.001558 seconds
  Import took 0.010289 seconds .

AssetImportWorkerClient::OnTransportError - code=1236 error=Подключение к сети было разорвано локальной системой.
